# JRE version: OpenJDK Runtime Environment (8.0_202-b03) (build 1.8.0_202-release-1483-b03)
# Java VM: OpenJDK 64-Bit Server VM (25.202-b03 mixed mode windows-amd64 compressed oops)
Heap:
 PSYoungGen      total 44032K, used 14741K [0x00000000d6000000, 0x00000000d9a80000, 0x0000000100000000)
  eden space 29184K, 29% used [0x00000000d6000000,0x00000000d6886b78,0x00000000d7c80000)
  from space 14848K, 40% used [0x00000000d8b80000,0x00000000d915e9b8,0x00000000d9a00000)
  to   space 15360K, 0% used [0x00000000d7c80000,0x00000000d7c80000,0x00000000d8b80000)
 ParOldGen       total 65536K, used 24607K [0x0000000082000000, 0x0000000086000000, 0x00000000d6000000)
  object space 65536K, 37% used [0x0000000082000000,0x0000000083807dc8,0x0000000086000000)
 Metaspace       used 37367K, capacity 37950K, committed 38312K, reserved 1083392K
  class space    used 4600K, capacity 4754K, committed 4784K, reserved 1048576K
GC Heap History (10 events):
Event: 84.865 GC heap before
{Heap before GC invocations=6 (full 1):
 PSYoungGen      total 37888K, used 37886K [0x00000000d6000000, 0x00000000d8a00000, 0x0000000100000000)
  eden space 32768K, 100% used [0x00000000d6000000,0x00000000d8000000,0x00000000d8000000)
  from space 5120K, 99% used [0x00000000d8500000,0x00000000d89ff9d8,0x00000000d8a00000)
  to   space 5120K, 0% used [0x00000000d8000000,0x00000000d8000000,0x00000000d8500000)
 ParOldGen       total 47104K, used 11547K [0x0000000082000000, 0x0000000084e00000, 0x00000000d6000000)
  object space 47104K, 24% used [0x0000000082000000,0x0000000082b46e80,0x0000000084e00000)
 Metaspace       used 29496K, capacity 29895K, committed 30256K, reserved 1075200K
  class space    used 3721K, capacity 3830K, committed 3888K, reserved 1048576K
Event: 84.878 GC heap after
Heap after GC invocations=6 (full 1):
 PSYoungGen      total 37376K, used 5118K [0x00000000d6000000, 0x00000000d9880000, 0x0000000100000000)
  eden space 32256K, 0% used [0x00000000d6000000,0x00000000d6000000,0x00000000d7f80000)
  from space 5120K, 99% used [0x00000000d8000000,0x00000000d84ffb08,0x00000000d8500000)
  to   space 12800K, 0% used [0x00000000d8c00000,0x00000000d8c00000,0x00000000d9880000)
 ParOldGen       total 47104K, used 19392K [0x0000000082000000, 0x0000000084e00000, 0x00000000d6000000)
  object space 47104K, 41% used [0x0000000082000000,0x00000000832f01b0,0x0000000084e00000)
 Metaspace       used 29496K, capacity 29895K, committed 30256K, reserved 1075200K
  class space    used 3721K, capacity 3830K, committed 3888K, reserved 1048576K
}
Event: 105.885 GC heap before
{Heap before GC invocations=7 (full 1):
 PSYoungGen      total 37376K, used 37374K [0x00000000d6000000, 0x00000000d9880000, 0x0000000100000000)
  eden space 32256K, 100% used [0x00000000d6000000,0x00000000d7f80000,0x00000000d7f80000)
  from space 5120K, 99% used [0x00000000d8000000,0x00000000d84ffb08,0x00000000d8500000)
  to   space 12800K, 0% used [0x00000000d8c00000,0x00000000d8c00000,0x00000000d9880000)
 ParOldGen       total 47104K, used 19392K [0x0000000082000000, 0x0000000084e00000, 0x00000000d6000000)
  object space 47104K, 41% used [0x0000000082000000,0x00000000832f01b0,0x0000000084e00000)
 Metaspace       used 33301K, capacity 33823K, committed 34096K, reserved 1079296K
  class space    used 4184K, capacity 4334K, committed 4400K, reserved 1048576K
Event: 105.911 GC heap after
Heap after GC invocations=7 (full 1):
 PSYoungGen      total 43008K, used 12790K [0x00000000d6000000, 0x00000000d9c00000, 0x0000000100000000)
  eden space 30208K, 0% used [0x00000000d6000000,0x00000000d6000000,0x00000000d7d80000)
  from space 12800K, 99% used [0x00000000d8c00000,0x00000000d987d868,0x00000000d9880000)
  to   space 14848K, 0% used [0x00000000d7d80000,0x00000000d7d80000,0x00000000d8c00000)
 ParOldGen       total 47104K, used 20042K [0x0000000082000000, 0x0000000084e00000, 0x00000000d6000000)
  object space 47104K, 42% used [0x0000000082000000,0x0000000083392938,0x0000000084e00000)
 Metaspace       used 33301K, capacity 33823K, committed 34096K, reserved 1079296K
  class space    used 4184K, capacity 4334K, committed 4400K, reserved 1048576K
}
Event: 123.932 GC heap before
{Heap before GC invocations=8 (full 1):
 PSYoungGen      total 43008K, used 33765K [0x00000000d6000000, 0x00000000d9c00000, 0x0000000100000000)
  eden space 30208K, 69% used [0x00000000d6000000,0x00000000d747bcb0,0x00000000d7d80000)
  from space 12800K, 99% used [0x00000000d8c00000,0x00000000d987d868,0x00000000d9880000)
  to   space 14848K, 0% used [0x00000000d7d80000,0x00000000d7d80000,0x00000000d8c00000)
 ParOldGen       total 47104K, used 20042K [0x0000000082000000, 0x0000000084e00000, 0x00000000d6000000)
  object space 47104K, 42% used [0x0000000082000000,0x0000000083392938,0x0000000084e00000)
 Metaspace       used 34677K, capacity 35173K, committed 35496K, reserved 1081344K
  class space    used 4362K, capacity 4505K, committed 4528K, reserved 1048576K
Event: 123.953 GC heap after
Heap after GC invocations=8 (full 1):
 PSYoungGen      total 41472K, used 11731K [0x00000000d6000000, 0x00000000d9a00000, 0x0000000100000000)
  eden space 29696K, 0% used [0x00000000d6000000,0x00000000d6000000,0x00000000d7d00000)
  from space 11776K, 99% used [0x00000000d7d80000,0x00000000d88f4d68,0x00000000d8900000)
  to   space 14848K, 0% used [0x00000000d8b80000,0x00000000d8b80000,0x00000000d9a00000)
 ParOldGen       total 47104K, used 20050K [0x0000000082000000, 0x0000000084e00000, 0x00000000d6000000)
  object space 47104K, 42% used [0x0000000082000000,0x0000000083394938,0x0000000084e00000)
 Metaspace       used 34677K, capacity 35173K, committed 35496K, reserved 1081344K
  class space    used 4362K, capacity 4505K, committed 4528K, reserved 1048576K
}
Event: 123.953 GC heap before
{Heap before GC invocations=9 (full 2):
 PSYoungGen      total 41472K, used 11731K [0x00000000d6000000, 0x00000000d9a00000, 0x0000000100000000)
  eden space 29696K, 0% used [0x00000000d6000000,0x00000000d6000000,0x00000000d7d00000)
  from space 11776K, 99% used [0x00000000d7d80000,0x00000000d88f4d68,0x00000000d8900000)
  to   space 14848K, 0% used [0x00000000d8b80000,0x00000000d8b80000,0x00000000d9a00000)
 ParOldGen       total 47104K, used 20050K [0x0000000082000000, 0x0000000084e00000, 0x00000000d6000000)
  object space 47104K, 42% used [0x0000000082000000,0x0000000083394938,0x0000000084e00000)
 Metaspace       used 34677K, capacity 35173K, committed 35496K, reserved 1081344K
  class space    used 4362K, capacity 4505K, committed 4528K, reserved 1048576K
Event: 124.154 GC heap after
Heap after GC invocations=9 (full 2):
 PSYoungGen      total 41472K, used 0K [0x00000000d6000000, 0x00000000d9a00000, 0x0000000100000000)
  eden space 29696K, 0% used [0x00000000d6000000,0x00000000d6000000,0x00000000d7d00000)
  from space 11776K, 0% used [0x00000000d7d80000,0x00000000d7d80000,0x00000000d8900000)
  to   space 14848K, 0% used [0x00000000d8b80000,0x00000000d8b80000,0x00000000d9a00000)
 ParOldGen       total 65536K, used 24599K [0x0000000082000000, 0x0000000086000000, 0x00000000d6000000)
  object space 65536K, 37% used [0x0000000082000000,0x0000000083805dc8,0x0000000086000000)
 Metaspace       used 34677K, capacity 35173K, committed 35496K, reserved 1081344K
  class space    used 4362K, capacity 4505K, committed 4528K, reserved 1048576K
}
Event: 142.152 GC heap before
{Heap before GC invocations=10 (full 2):
 PSYoungGen      total 41472K, used 29696K [0x00000000d6000000, 0x00000000d9a00000, 0x0000000100000000)
  eden space 29696K, 100% used [0x00000000d6000000,0x00000000d7d00000,0x00000000d7d00000)
  from space 11776K, 0% used [0x00000000d7d80000,0x00000000d7d80000,0x00000000d8900000)
  to   space 14848K, 0% used [0x00000000d8b80000,0x00000000d8b80000,0x00000000d9a00000)
 ParOldGen       total 65536K, used 24599K [0x0000000082000000, 0x0000000086000000, 0x00000000d6000000)
  object space 65536K, 37% used [0x0000000082000000,0x0000000083805dc8,0x0000000086000000)
 Metaspace       used 36574K, capacity 37115K, committed 37544K, reserved 1081344K
  class space    used 4506K, capacity 4680K, committed 4784K, reserved 1048576K
Event: 142.176 GC heap after
Heap after GC invocations=10 (full 2):
 PSYoungGen      total 44032K, used 6010K [0x00000000d6000000, 0x00000000d9a80000, 0x0000000100000000)
  eden space 29184K, 0% used [0x00000000d6000000,0x00000000d6000000,0x00000000d7c80000)
  from space 14848K, 40% used [0x00000000d8b80000,0x00000000d915e9b8,0x00000000d9a00000)
  to   space 15360K, 0% used [0x00000000d7c80000,0x00000000d7c80000,0x00000000d8b80000)
 ParOldGen       total 65536K, used 24607K [0x0000000082000000, 0x0000000086000000, 0x00000000d6000000)
  object space 65536K, 37% used [0x0000000082000000,0x0000000083807dc8,0x0000000086000000)
 Metaspace       used 36574K, capacity 37115K, committed 37544K, reserved 1081344K
  class space    used 4506K, capacity 4680K, committed 4784K, reserved 1048576K
}

